This file contains any messages produced by compilers while
running configure, to aid debugging if configure makes a mistake.

It was created by configure, which was
generated by GNU Autoconf 2.71.  Invocation command line was

  $ ./configure

## --------- ##
## Platform. ##
## --------- ##

hostname = gitworkflows-anoncode-i3mhw9kxlxk
uname -m = x86_64
uname -r = 6.1.54-060154-generic
uname -s = Linux
uname -v = #202309200834 SMP PREEMPT_DYNAMIC Wed Sep 20 09:14:42 UTC 2023

/usr/bin/uname -p = x86_64
/bin/uname -X     = unknown

/bin/arch              = x86_64
/usr/bin/arch -k       = unknown
/usr/convex/getsysinfo = unknown
/usr/bin/hostinfo      = unknown
/bin/machine           = unknown
/usr/bin/oslevel       = unknown
/bin/universe          = unknown

PATH: /workspace/.cargo/bin/
PATH: /home/gitpod/.pyenv/shims/
PATH: /workspace/go/bin/
PATH: /home/gitpod/.nix-profile/bin/
PATH: /ide/bin/remote-cli/
PATH: /home/gitpod/.nix-profile/bin/
PATH: /home/gitpod/.local/bin/
PATH: /home/gitpod/.sdkman/candidates/maven/current/bin/
PATH: /home/gitpod/.sdkman/candidates/java/current/bin/
PATH: /home/gitpod/.sdkman/candidates/gradle/current/bin/
PATH: /workspace/.cargo/bin/
PATH: /home/gitpod/.rvm/gems/ruby-3.2.2/bin/
PATH: /home/gitpod/.rvm/gems/ruby-3.2.2@global/bin/
PATH: /home/gitpod/.rvm/rubies/ruby-3.2.2/bin/
PATH: /workspace/go/bin/
PATH: /home/gitpod/.nix-profile/bin/
PATH: /ide/bin/remote-cli/
PATH: /home/gitpod/go/bin/
PATH: /home/gitpod/go-packages/bin/
PATH: /home/gitpod/.nvm/versions/node/v20.8.1/bin/
PATH: /home/gitpod/.yarn/bin/
PATH: /home/gitpod/.pnpm/
PATH: /home/gitpod/.pyenv/bin/
PATH: /home/gitpod/.rvm/bin/
PATH: /home/gitpod/.cargo/bin/
PATH: /home/linuxbrew/.linuxbrew/bin/
PATH: /home/linuxbrew/.linuxbrew/sbin/
PATH: /home/gitpod/.local/bin/
PATH: /usr/games/
PATH: /usr/local/sbin/
PATH: /usr/local/bin/
PATH: /usr/sbin/
PATH: /usr/bin/
PATH: /sbin/
PATH: /bin/
PATH: /home/gitpod/.nvm/versions/node/v20.8.1/bin/
PATH: /home/gitpod/.rvm/bin/
PATH: /home/gitpod/.nvm/versions/node/v20.8.1/bin/
PATH: /home/gitpod/.rvm/bin/


## ----------- ##
## Core tests. ##
## ----------- ##

configure:2265: looking for aux files: compile missing install-sh
configure:2278:  trying ./
configure:2307:   ./compile found
configure:2307:   ./missing found
configure:2289:   ./install-sh found
configure:2436: checking for a BSD-compatible install
configure:2509: result: /usr/bin/install -c
configure:2520: checking whether build environment is sane
configure:2575: result: yes
configure:2610: WARNING: 'missing' script is too old or missing
configure:2734: checking for a race-free mkdir -p
configure:2778: result: /usr/bin/mkdir -p
configure:2785: checking for gawk
configure:2806: found /usr/bin/gawk
configure:2817: result: gawk
configure:2828: checking whether make sets $(MAKE)
configure:2851: result: yes
configure:2881: checking whether make supports nested variables
configure:2899: result: yes
configure:3112: checking for gcc
configure:3133: found /usr/bin/gcc
configure:3144: result: gcc
configure:3497: checking for C compiler version
configure:3506: gcc --version >&5
gcc (Ubuntu 11.4.0-1ubuntu1~22.04) 11.4.0
Copyright (C) 2021 Free Software Foundation, Inc.
This is free software; see the source for copying conditions.  There is NO
warranty; not even for MERCHANTABILITY or FITNESS FOR A PARTICULAR PURPOSE.

configure:3517: $? = 0
configure:3506: gcc -v >&5
Using built-in specs.
COLLECT_GCC=gcc
COLLECT_LTO_WRAPPER=/usr/lib/gcc/x86_64-linux-gnu/11/lto-wrapper
OFFLOAD_TARGET_NAMES=nvptx-none:amdgcn-amdhsa
OFFLOAD_TARGET_DEFAULT=1
Target: x86_64-linux-gnu
Configured with: ../src/configure -v --with-pkgversion='Ubuntu 11.4.0-1ubuntu1~22.04' --with-bugurl=file:///usr/share/doc/gcc-11/README.Bugs --enable-languages=c,ada,c++,go,brig,d,fortran,objc,obj-c++,m2 --prefix=/usr --with-gcc-major-version-only --program-suffix=-11 --program-prefix=x86_64-linux-gnu- --enable-shared --enable-linker-build-id --libexecdir=/usr/lib --without-included-gettext --enable-threads=posix --libdir=/usr/lib --enable-nls --enable-bootstrap --enable-clocale=gnu --enable-libstdcxx-debug --enable-libstdcxx-time=yes --with-default-libstdcxx-abi=new --enable-gnu-unique-object --disable-vtable-verify --enable-plugin --enable-default-pie --with-system-zlib --enable-libphobos-checking=release --with-target-system-zlib=auto --enable-objc-gc=auto --enable-multiarch --disable-werror --enable-cet --with-arch-32=i686 --with-abi=m64 --with-multilib-list=m32,m64,mx32 --enable-multilib --with-tune=generic --enable-offload-targets=nvptx-none=/build/gcc-11-XeT9lY/gcc-11-11.4.0/debian/tmp-nvptx/usr,amdgcn-amdhsa=/build/gcc-11-XeT9lY/gcc-11-11.4.0/debian/tmp-gcn/usr --without-cuda-driver --enable-checking=release --build=x86_64-linux-gnu --host=x86_64-linux-gnu --target=x86_64-linux-gnu --with-build-config=bootstrap-lto-lean --enable-link-serialization=2
Thread model: posix
Supported LTO compression algorithms: zlib zstd
gcc version 11.4.0 (Ubuntu 11.4.0-1ubuntu1~22.04) 
... rest of stderr output deleted ...
configure:3517: $? = 0
configure:3506: gcc -V >&5
gcc: error: unrecognized command-line option '-V'
gcc: fatal error: no input files
compilation terminated.
configure:3517: $? = 1
configure:3506: gcc -qversion >&5
gcc: error: unrecognized command-line option '-qversion'; did you mean '--version'?
gcc: fatal error: no input files
compilation terminated.
configure:3517: $? = 1
configure:3506: gcc -version >&5
gcc: error: unrecognized command-line option '-version'
gcc: fatal error: no input files
compilation terminated.
configure:3517: $? = 1
configure:3537: checking whether the C compiler works
configure:3559: gcc -Wall -O2   conftest.c  >&5
configure:3563: $? = 0
configure:3613: result: yes
configure:3616: checking for C compiler default output file name
configure:3618: result: a.out
configure:3624: checking for suffix of executables
configure:3631: gcc -o conftest -Wall -O2   conftest.c  >&5
configure:3635: $? = 0
configure:3658: result: 
configure:3680: checking whether we are cross compiling
configure:3688: gcc -o conftest -Wall -O2   conftest.c  >&5
configure:3692: $? = 0
configure:3699: ./conftest
configure:3703: $? = 0
configure:3718: result: no
configure:3723: checking for suffix of object files
configure:3746: gcc -c -Wall -O2  conftest.c >&5
configure:3750: $? = 0
configure:3772: result: o
configure:3776: checking whether the compiler supports GNU C
configure:3796: gcc -c -Wall -O2  conftest.c >&5
configure:3796: $? = 0
configure:3806: result: yes
configure:3817: checking whether gcc accepts -g
configure:3838: gcc -c -g  conftest.c >&5
configure:3838: $? = 0
configure:3882: result: yes
configure:3902: checking for gcc option to enable C11 features
configure:3917: gcc  -c -Wall -O2  conftest.c >&5
configure:3917: $? = 0
configure:3935: result: none needed
configure:4051: checking whether gcc understands -c and -o together
configure:4074: gcc -c conftest.c -o conftest2.o
configure:4077: $? = 0
configure:4074: gcc -c conftest.c -o conftest2.o
configure:4077: $? = 0
configure:4089: result: yes
configure:4109: checking whether make supports the include directive
configure:4124: make -f confmf.GNU && cat confinc.out
this is the am__doit target
configure:4127: $? = 0
configure:4146: result: yes (GNU style)
configure:4172: checking dependency style of gcc
configure:4284: result: gcc3
configure:4299: checking whether make sets $(MAKE)
configure:4322: result: yes
configure:4379: checking for ranlib
configure:4400: found /usr/bin/ranlib
configure:4411: result: ranlib
configure:4442: checking for poptParseArgvString in -lpopt
configure:4465: gcc -o conftest -Wall -O2   conftest.c -lpopt   >&5
configure:4465: $? = 0
configure:4475: result: yes
configure:4510: checking for OpenSSL directory
configure:4572: gcc -o conftest -Wall -O2   conftest.c  -lpopt -lcrypto >&5
conftest.c:12: warning: "HAVE_POPT" redefined
   12 | #define HAVE_POPT 1
      | 
conftest.c:11: note: this is the location of the previous definition
   11 | #define HAVE_POPT 0
      | 
configure:4572: $? = 0
configure:4572: ./conftest
configure:4572: $? = 0
configure:4599: result: (system)
configure:4635: checking for stdio.h
configure:4635: gcc -c -Wall -O2  conftest.c >&5
conftest.c:12: warning: "HAVE_POPT" redefined
   12 | #define HAVE_POPT 1
      | 
conftest.c:11: note: this is the location of the previous definition
   11 | #define HAVE_POPT 0
      | 
configure:4635: $? = 0
configure:4635: result: yes
configure:4635: checking for stdlib.h
configure:4635: gcc -c -Wall -O2  conftest.c >&5
conftest.c:12: warning: "HAVE_POPT" redefined
   12 | #define HAVE_POPT 1
      | 
conftest.c:11: note: this is the location of the previous definition
   11 | #define HAVE_POPT 0
      | 
configure:4635: $? = 0
configure:4635: result: yes
configure:4635: checking for string.h
configure:4635: gcc -c -Wall -O2  conftest.c >&5
conftest.c:12: warning: "HAVE_POPT" redefined
   12 | #define HAVE_POPT 1
      | 
conftest.c:11: note: this is the location of the previous definition
   11 | #define HAVE_POPT 0
      | 
configure:4635: $? = 0
configure:4635: result: yes
configure:4635: checking for inttypes.h
configure:4635: gcc -c -Wall -O2  conftest.c >&5
conftest.c:12: warning: "HAVE_POPT" redefined
   12 | #define HAVE_POPT 1
      | 
conftest.c:11: note: this is the location of the previous definition
   11 | #define HAVE_POPT 0
      | 
configure:4635: $? = 0
configure:4635: result: yes
configure:4635: checking for stdint.h
configure:4635: gcc -c -Wall -O2  conftest.c >&5
conftest.c:12: warning: "HAVE_POPT" redefined
   12 | #define HAVE_POPT 1
      | 
conftest.c:11: note: this is the location of the previous definition
   11 | #define HAVE_POPT 0
      | 
configure:4635: $? = 0
configure:4635: result: yes
configure:4635: checking for strings.h
configure:4635: gcc -c -Wall -O2  conftest.c >&5
conftest.c:12: warning: "HAVE_POPT" redefined
   12 | #define HAVE_POPT 1
      | 
conftest.c:11: note: this is the location of the previous definition
   11 | #define HAVE_POPT 0
      | 
configure:4635: $? = 0
configure:4635: result: yes
configure:4635: checking for sys/stat.h
configure:4635: gcc -c -Wall -O2  conftest.c >&5
conftest.c:12: warning: "HAVE_POPT" redefined
   12 | #define HAVE_POPT 1
      | 
conftest.c:11: note: this is the location of the previous definition
   11 | #define HAVE_POPT 0
      | 
configure:4635: $? = 0
configure:4635: result: yes
configure:4635: checking for sys/types.h
configure:4635: gcc -c -Wall -O2  conftest.c >&5
conftest.c:12: warning: "HAVE_POPT" redefined
   12 | #define HAVE_POPT 1
      | 
conftest.c:11: note: this is the location of the previous definition
   11 | #define HAVE_POPT 0
      | 
configure:4635: $? = 0
configure:4635: result: yes
configure:4635: checking for unistd.h
configure:4635: gcc -c -Wall -O2  conftest.c >&5
conftest.c:12: warning: "HAVE_POPT" redefined
   12 | #define HAVE_POPT 1
      | 
conftest.c:11: note: this is the location of the previous definition
   11 | #define HAVE_POPT 0
      | 
configure:4635: $? = 0
configure:4635: result: yes
configure:4663: checking for unistd.h
configure:4663: result: yes
configure:4663: checking for string.h
configure:4663: result: yes
configure:4663: checking for signal.h
configure:4663: gcc -c -Wall -O2  conftest.c >&5
conftest.c:12: warning: "HAVE_POPT" redefined
   12 | #define HAVE_POPT 1
      | 
conftest.c:11: note: this is the location of the previous definition
   11 | #define HAVE_POPT 0
      | 
configure:4663: $? = 0
configure:4663: result: yes
configure:4663: checking for netdb.h
configure:4663: gcc -c -Wall -O2  conftest.c >&5
conftest.c:12: warning: "HAVE_POPT" redefined
   12 | #define HAVE_POPT 1
      | 
conftest.c:11: note: this is the location of the previous definition
   11 | #define HAVE_POPT 0
      | 
configure:4663: $? = 0
configure:4663: result: yes
configure:4663: checking for ctype.h
configure:4663: gcc -c -Wall -O2  conftest.c >&5
conftest.c:12: warning: "HAVE_POPT" redefined
   12 | #define HAVE_POPT 1
      | 
conftest.c:11: note: this is the location of the previous definition
   11 | #define HAVE_POPT 0
      | 
configure:4663: $? = 0
configure:4663: result: yes
configure:4663: checking for sys/poll.h
configure:4663: gcc -c -Wall -O2  conftest.c >&5
conftest.c:12: warning: "HAVE_POPT" redefined
   12 | #define HAVE_POPT 1
      | 
conftest.c:11: note: this is the location of the previous definition
   11 | #define HAVE_POPT 0
      | 
configure:4663: $? = 0
configure:4663: result: yes
configure:4663: checking for sys/types.h
configure:4663: result: yes
configure:4663: checking for sys/fcntl.h
configure:4663: gcc -c -Wall -O2  conftest.c >&5
conftest.c:12: warning: "HAVE_POPT" redefined
   12 | #define HAVE_POPT 1
      | 
conftest.c:11: note: this is the location of the previous definition
   11 | #define HAVE_POPT 0
      | 
configure:4663: $? = 0
configure:4663: result: yes
configure:4663: checking for sys/ioctl.h
configure:4663: gcc -c -Wall -O2  conftest.c >&5
conftest.c:12: warning: "HAVE_POPT" redefined
   12 | #define HAVE_POPT 1
      | 
conftest.c:11: note: this is the location of the previous definition
   11 | #define HAVE_POPT 0
      | 
configure:4663: $? = 0
configure:4663: result: yes
configure:4663: checking for sys/socket.h
configure:4663: gcc -c -Wall -O2  conftest.c >&5
conftest.c:12: warning: "HAVE_POPT" redefined
   12 | #define HAVE_POPT 1
      | 
conftest.c:11: note: this is the location of the previous definition
   11 | #define HAVE_POPT 0
      | 
configure:4663: $? = 0
configure:4663: result: yes
configure:4663: checking for sys/time.h
configure:4663: gcc -c -Wall -O2  conftest.c >&5
conftest.c:12: warning: "HAVE_POPT" redefined
   12 | #define HAVE_POPT 1
      | 
conftest.c:11: note: this is the location of the previous definition
   11 | #define HAVE_POPT 0
      | 
configure:4663: $? = 0
configure:4663: result: yes
configure:4663: checking for netinet/in.h
configure:4663: gcc -c -Wall -O2  conftest.c >&5
conftest.c:12: warning: "HAVE_POPT" redefined
   12 | #define HAVE_POPT 1
      | 
conftest.c:11: note: this is the location of the previous definition
   11 | #define HAVE_POPT 0
      | 
configure:4663: $? = 0
configure:4663: result: yes
configure:4663: checking for arpa/inet.h
configure:4663: gcc -c -Wall -O2  conftest.c >&5
conftest.c:12: warning: "HAVE_POPT" redefined
   12 | #define HAVE_POPT 1
      | 
conftest.c:11: note: this is the location of the previous definition
   11 | #define HAVE_POPT 0
      | 
configure:4663: $? = 0
configure:4663: result: yes
configure:4663: checking for errno.h
configure:4663: gcc -c -Wall -O2  conftest.c >&5
conftest.c:12: warning: "HAVE_POPT" redefined
   12 | #define HAVE_POPT 1
      | 
conftest.c:11: note: this is the location of the previous definition
   11 | #define HAVE_POPT 0
      | 
configure:4663: $? = 0
configure:4663: result: yes
configure:4663: checking for assert.h
configure:4663: gcc -c -Wall -O2  conftest.c >&5
conftest.c:12: warning: "HAVE_POPT" redefined
   12 | #define HAVE_POPT 1
      | 
conftest.c:11: note: this is the location of the previous definition
   11 | #define HAVE_POPT 0
      | 
configure:4663: $? = 0
configure:4663: result: yes
configure:4779: checking that generated files are newer than configure
configure:4785: result: done
configure:4808: creating ./config.status

## ---------------------- ##
## Running config.status. ##
## ---------------------- ##

This file was extended by config.status, which was
generated by GNU Autoconf 2.71.  Invocation command line was

  CONFIG_FILES    = 
  CONFIG_HEADERS  = 
  CONFIG_LINKS    = 
  CONFIG_COMMANDS = 
  $ ./config.status 

on gitworkflows-anoncode-i3mhw9kxlxk

config.status:871: creating Makefile
config.status:871: creating src/Makefile
config.status:871: creating src/common/Makefile
config.status:871: creating src/smtpap/Makefile
config.status:871: creating src/orkeygen/Makefile
config.status:871: creating src/httpap/Makefile
config.status:871: creating src/or/Makefile
config.status:871: creating orconfig.h
config.status:1052: orconfig.h is unchanged
config.status:1100: executing depfiles commands
config.status:1177: cd src/common       && sed -e '/# am--include-marker/d' Makefile         | make -f - am--depfiles
make: Nothing to be done for 'am--depfiles'.
config.status:1182: $? = 0
config.status:1177: cd src/smtpap       && sed -e '/# am--include-marker/d' Makefile         | make -f - am--depfiles
make: Nothing to be done for 'am--depfiles'.
config.status:1182: $? = 0
config.status:1177: cd src/orkeygen       && sed -e '/# am--include-marker/d' Makefile         | make -f - am--depfiles
make: Nothing to be done for 'am--depfiles'.
config.status:1182: $? = 0
config.status:1177: cd src/httpap       && sed -e '/# am--include-marker/d' Makefile         | make -f - am--depfiles
make: Nothing to be done for 'am--depfiles'.
config.status:1182: $? = 0
config.status:1177: cd src/or       && sed -e '/# am--include-marker/d' Makefile         | make -f - am--depfiles
make: Nothing to be done for 'am--depfiles'.
config.status:1182: $? = 0

## ---------------- ##
## Cache variables. ##
## ---------------- ##

ac_cv_c_compiler_gnu=yes
ac_cv_env_CC_set=
ac_cv_env_CC_value=
ac_cv_env_CFLAGS_set=
ac_cv_env_CFLAGS_value=
ac_cv_env_CPPFLAGS_set=
ac_cv_env_CPPFLAGS_value=
ac_cv_env_LDFLAGS_set=
ac_cv_env_LDFLAGS_value=
ac_cv_env_LIBS_set=
ac_cv_env_LIBS_value=
ac_cv_env_build_alias_set=
ac_cv_env_build_alias_value=
ac_cv_env_host_alias_set=
ac_cv_env_host_alias_value=
ac_cv_env_target_alias_set=
ac_cv_env_target_alias_value=
ac_cv_header_arpa_inet_h=yes
ac_cv_header_assert_h=yes
ac_cv_header_ctype_h=yes
ac_cv_header_errno_h=yes
ac_cv_header_inttypes_h=yes
ac_cv_header_netdb_h=yes
ac_cv_header_netinet_in_h=yes
ac_cv_header_signal_h=yes
ac_cv_header_stdint_h=yes
ac_cv_header_stdio_h=yes
ac_cv_header_stdlib_h=yes
ac_cv_header_string_h=yes
ac_cv_header_strings_h=yes
ac_cv_header_sys_fcntl_h=yes
ac_cv_header_sys_ioctl_h=yes
ac_cv_header_sys_poll_h=yes
ac_cv_header_sys_socket_h=yes
ac_cv_header_sys_stat_h=yes
ac_cv_header_sys_time_h=yes
ac_cv_header_sys_types_h=yes
ac_cv_header_unistd_h=yes
ac_cv_lib_popt_poptParseArgvString=yes
ac_cv_objext=o
ac_cv_openssldir='(system)'
ac_cv_path_install='/usr/bin/install -c'
ac_cv_path_mkdir=/usr/bin/mkdir
ac_cv_prog_AWK=gawk
ac_cv_prog_ac_ct_CC=gcc
ac_cv_prog_ac_ct_RANLIB=ranlib
ac_cv_prog_cc_c11=
ac_cv_prog_cc_g=yes
ac_cv_prog_cc_stdc=
ac_cv_prog_make_make_set=yes
am_cv_CC_dependencies_compiler_type=gcc3
am_cv_make_support_nested_variables=yes
am_cv_prog_cc_c_o=yes

## ----------------- ##
## Output variables. ##
## ----------------- ##

ACLOCAL='aclocal-1.16'
AMDEPBACKSLASH='\'
AMDEP_FALSE='#'
AMDEP_TRUE=''
AMTAR='$${TAR-tar}'
AM_BACKSLASH='\'
AM_DEFAULT_V='$(AM_DEFAULT_VERBOSITY)'
AM_DEFAULT_VERBOSITY='1'
AM_V='$(V)'
AUTOCONF='autoconf'
AUTOHEADER='autoheader'
AUTOMAKE='automake-1.16'
AWK='gawk'
CC='gcc'
CCDEPMODE='depmode=gcc3'
CFLAGS='-Wall -O2'
CPPFLAGS=''
CSCOPE='cscope'
CTAGS='ctags'
CYGPATH_W='echo'
DEFS='-DHAVE_CONFIG_H'
DEPDIR='.deps'
ECHO_C=''
ECHO_N='-n'
ECHO_T=''
ETAGS='etags'
EXEEXT=''
INSTALL_DATA='${INSTALL} -m 644'
INSTALL_PROGRAM='${INSTALL}'
INSTALL_SCRIPT='${INSTALL}'
INSTALL_STRIP_PROGRAM='$(install_sh) -c -s'
LDFLAGS=''
LIBOBJS=''
LIBS=' -lpopt -lcrypto'
LTLIBOBJS=''
MAKEINFO='makeinfo'
MKDIR_P='/usr/bin/mkdir -p'
OBJEXT='o'
PACKAGE='or'
PACKAGE_BUGREPORT=''
PACKAGE_NAME=''
PACKAGE_STRING=''
PACKAGE_TARNAME=''
PACKAGE_URL=''
PACKAGE_VERSION=''
PATH_SEPARATOR=':'
RANLIB='ranlib'
SET_MAKE=''
SHELL='/bin/bash'
STRIP=''
VERSION='0.0.0'
ac_ct_CC='gcc'
am__EXEEXT_FALSE=''
am__EXEEXT_TRUE='#'
am__fastdepCC_FALSE='#'
am__fastdepCC_TRUE=''
am__include='include'
am__isrc=''
am__leading_dot='.'
am__nodep='_no'
am__quote=''
am__tar='$${TAR-tar} chof - "$$tardir"'
am__untar='$${TAR-tar} xf -'
bindir='${exec_prefix}/bin'
build_alias=''
datadir='${datarootdir}'
datarootdir='${prefix}/share'
docdir='${datarootdir}/doc/${PACKAGE}'
dvidir='${docdir}'
exec_prefix='${prefix}'
host_alias=''
htmldir='${docdir}'
includedir='${prefix}/include'
infodir='${datarootdir}/info'
install_sh='${SHELL} /workspace/anoncode/install-sh'
libdir='${exec_prefix}/lib'
libexecdir='${exec_prefix}/libexec'
localedir='${datarootdir}/locale'
localstatedir='${prefix}/var'
mandir='${datarootdir}/man'
mkdir_p='$(MKDIR_P)'
oldincludedir='/usr/include'
pdfdir='${docdir}'
prefix='/usr/local'
program_transform_name='s,x,x,'
psdir='${docdir}'
runstatedir='${localstatedir}/run'
sbindir='${exec_prefix}/sbin'
sharedstatedir='${prefix}/com'
sysconfdir='${prefix}/etc'
target_alias=''

## ----------- ##
## confdefs.h. ##
## ----------- ##

/* confdefs.h */
#define PACKAGE_NAME ""
#define PACKAGE_TARNAME ""
#define PACKAGE_VERSION ""
#define PACKAGE_STRING ""
#define PACKAGE_BUGREPORT ""
#define PACKAGE_URL ""
#define PACKAGE "or"
#define VERSION "0.0.0"
#define HAVE_OPENSSL 0
#define HAVE_POPT 0
#define HAVE_POPT 1
#define HAVE_STDIO_H 1
#define HAVE_STDLIB_H 1
#define HAVE_STRING_H 1
#define HAVE_INTTYPES_H 1
#define HAVE_STDINT_H 1
#define HAVE_STRINGS_H 1
#define HAVE_SYS_STAT_H 1
#define HAVE_SYS_TYPES_H 1
#define HAVE_UNISTD_H 1
#define STDC_HEADERS 1
#define HAVE_UNISTD_H 1
#define HAVE_STRING_H 1
#define HAVE_SIGNAL_H 1
#define HAVE_NETDB_H 1
#define HAVE_CTYPE_H 1
#define HAVE_SYS_POLL_H 1
#define HAVE_SYS_TYPES_H 1
#define HAVE_SYS_FCNTL_H 1
#define HAVE_SYS_IOCTL_H 1
#define HAVE_SYS_SOCKET_H 1
#define HAVE_SYS_TIME_H 1
#define HAVE_NETINET_IN_H 1
#define HAVE_ARPA_INET_H 1
#define HAVE_ERRNO_H 1
#define HAVE_ASSERT_H 1

configure: exit 0
